Found data at:  /home/paul.duhe/thesis/new/small_thesis_project/data/
genre started
genre done
genre started
genre done
genre started
genre done
genre started
genre done
Length of df:  14906
PRINTING GENRE:  0
          genre  v_id last_packet_time   t0  ...  d43374  d43375  d43376  d43377
row_6092      0     7       524.513488  0.0  ...     0.0     0.0     0.0     0.0
row_6093      0     8       171.631558  0.0  ...     0.0     0.0     0.0     0.0
row_6094      0     7       174.636685  0.0  ...     0.0     0.0     0.0     0.0
row_6095      0     1       155.973442  0.0  ...     0.0     0.0     0.0     0.0
row_6096      0     0       121.049340  0.0  ...     0.0     0.0     0.0     0.0
...         ...   ...              ...  ...  ...     ...     ...     ...     ...
row_11732     0     7       464.661195  0.0  ...     0.0     0.0     0.0     0.0
row_11733     0     6       420.571495  0.0  ...     0.0     0.0     0.0     0.0
row_11734     0     5       114.906335  0.0  ...     0.0     0.0     0.0     0.0
row_11735     0     4       160.043267  0.0  ...     0.0     0.0     0.0     0.0
row_11736     0     0       138.498108  0.0  ...     0.0     0.0     0.0     0.0

[5645 rows x 86759 columns]
PRINTING GENRE:  1
          genre  v_id last_packet_time   t0  ...  d43374  d43375  d43376  d43377
row_11737     1     7       200.474972  0.0  ...     0.0     0.0     0.0     0.0
row_11738     1     8       200.774689  0.0  ...     0.0     0.0     0.0     0.0
row_11739     1     8       161.551879  0.0  ...     0.0     0.0     0.0     0.0
row_11740     1     6       120.358940  0.0  ...     0.0     0.0     0.0     0.0
row_11741     1     0       187.539197  0.0  ...     0.0     0.0     0.0     0.0
...         ...   ...              ...  ...  ...     ...     ...     ...     ...
row_14901     1     0       181.497121  0.0  ...     0.0     0.0     0.0     0.0
row_14902     1     8       154.204215  0.0  ...     0.0     0.0     0.0     0.0
row_14903     1     7       229.198308  0.0  ...     0.0     0.0     0.0     0.0
row_14904     1     6       183.647930  0.0  ...     0.0     0.0     0.0     0.0
row_14905     1     6       167.728200  0.0  ...     0.0     0.0     0.0     0.0

[3169 rows x 86759 columns]
PRINTING GENRE:  2
         genre  v_id last_packet_time   t0  ...  d43374  d43375  d43376  d43377
row_0        2     2       223.103550  0.0  ...     0.0     0.0     0.0     0.0
row_1        2     1       169.856939  0.0  ...     0.0     0.0     0.0     0.0
row_2        2     0       197.252433  0.0  ...     0.0     0.0     0.0     0.0
row_3        2     8       209.173234  0.0  ...     0.0     0.0     0.0     0.0
row_4        2     6       180.444315  0.0  ...     0.0     0.0     0.0     0.0
...        ...   ...              ...  ...  ...     ...     ...     ...     ...
row_3349     2     0       197.213494  0.0  ...     0.0     0.0     0.0     0.0
row_3350     2     7       501.648645  0.0  ...     0.0     0.0     0.0     0.0
row_3351     2     7       162.659466  0.0  ...     0.0     0.0     0.0     0.0
row_3352     2     5       144.636239  0.0  ...     0.0     0.0     0.0     0.0
row_3353     2     4       197.154060  0.0  ...     0.0     0.0     0.0     0.0

[3354 rows x 86759 columns]
PRINTING GENRE:  3
         genre  v_id last_packet_time   t0  ...  d43374  d43375  d43376  d43377
row_3354     3     6       295.575229  0.0  ...     0.0     0.0     0.0     0.0
row_3355     3     4       121.061698  0.0  ...     0.0     0.0     0.0     0.0
row_3356     3     8       233.299128  0.0  ...     0.0     0.0     0.0     0.0
row_3357     3     5       416.536050  0.0  ...     0.0     0.0     0.0     0.0
row_3358     3     6       271.109729  0.0  ...     0.0     0.0     0.0     0.0
...        ...   ...              ...  ...  ...     ...     ...     ...     ...
row_6087     3     3       120.773352  0.0  ...     0.0     0.0     0.0     0.0
row_6088     3     1       588.044474  0.0  ...     0.0     0.0     0.0     0.0
row_6089     3     0       437.040140  0.0  ...     0.0     0.0     0.0     0.0
row_6090     3     8       267.781589  0.0  ...     0.0     0.0     0.0     0.0
row_6091     3     5       267.542999  0.0  ...     0.0     0.0     0.0     0.0

[2738 rows x 86759 columns]
Dropping vid, length and last packet time
X df is: 
               d0      d1      d2     d3  ...  d43374  d43375  d43376  d43377
row_0       -66.0  -609.0  1123.0 -609.0  ...     0.0     0.0     0.0     0.0
row_1      -609.0  1123.0   -66.0 -609.0  ...     0.0     0.0     0.0     0.0
row_2       -66.0 -1123.0    66.0  609.0  ...     0.0     0.0     0.0     0.0
row_3      -597.0   597.0  -609.0   66.0  ...     0.0     0.0     0.0     0.0
row_4      -609.0  1123.0 -2135.0   66.0  ...     0.0     0.0     0.0     0.0
...           ...     ...     ...    ...  ...     ...     ...     ...     ...
row_14901  -597.0  1111.0   -60.0 -597.0  ...     0.0     0.0     0.0     0.0
row_14902   597.0   -60.0   597.0  -60.0  ...     0.0     0.0     0.0     0.0
row_14903  -597.0    54.0   597.0  -60.0  ...     0.0     0.0     0.0     0.0
row_14904 -1111.0    54.0   597.0  -60.0  ...     0.0     0.0     0.0     0.0
row_14905   597.0   -60.0  -597.0  597.0  ...     0.0     0.0     0.0     0.0

[14906 rows x 43378 columns]
(14906, 43378)
y df is just genre
          genre
row_0         2
row_1         2
row_2         2
row_3         2
row_4         2
...         ...
row_14901     1
row_14902     1
row_14903     1
row_14904     1
row_14905     1

[14906 rows x 1 columns]
(14906, 1)
RESULT AFTER FIT AND SCALE! (X)
          0         1         2      ...     43375     43376     43377
0      0.442680 -0.754211  1.040663  ...  0.008191 -0.008191 -0.008191
1      0.035998  1.266948  0.182664  ...  0.008191 -0.008191 -0.008191
2      0.442680 -1.354024  0.277917  ...  0.008191 -0.008191 -0.008191
3      0.044986  0.653132 -0.209172  ...  0.008191 -0.008191 -0.008191
4      0.035998  1.266948 -1.310355  ...  0.008191 -0.008191 -0.008191
...         ...       ...       ...  ...       ...       ...       ...
14901  0.044986  1.252944  0.186994  ...  0.008191 -0.008191 -0.008191
14902  0.939236 -0.113555  0.661094  ...  0.008191 -0.008191 -0.008191
14903  0.044986  0.019477  0.661094  ...  0.008191 -0.008191 -0.008191
14904 -0.339976  0.019477  0.661094  ...  0.008191 -0.008191 -0.008191
14905  0.939236 -0.113555 -0.200513  ...  0.008191 -0.008191 -0.008191

[14906 rows x 43378 columns]
DATAFRAME AFTER CHANGING DIRECTIONS!
X:
          0         1         2      ...     43375     43376     43377
0      0.442680 -0.754211  1.040663  ...  0.008191 -0.008191 -0.008191
1      0.035998  1.266948  0.182664  ...  0.008191 -0.008191 -0.008191
2      0.442680 -1.354024  0.277917  ...  0.008191 -0.008191 -0.008191
3      0.044986  0.653132 -0.209172  ...  0.008191 -0.008191 -0.008191
4      0.035998  1.266948 -1.310355  ...  0.008191 -0.008191 -0.008191
...         ...       ...       ...  ...       ...       ...       ...
14901  0.044986  1.252944  0.186994  ...  0.008191 -0.008191 -0.008191
14902  0.939236 -0.113555  0.661094  ...  0.008191 -0.008191 -0.008191
14903  0.044986  0.019477  0.661094  ...  0.008191 -0.008191 -0.008191
14904 -0.339976  0.019477  0.661094  ...  0.008191 -0.008191 -0.008191
14905  0.939236 -0.113555 -0.200513  ...  0.008191 -0.008191 -0.008191

[14906 rows x 43378 columns]
len of X before split 14906
length of X_train 10434
length of X_test 4472
length of y_train 10434
length of y_test 4472
length of X_valid 2236
length of X_test 2236
length of y_valid 2236
length of y_test 2236
/home/paul.duhe/thesis/new/small_thesis_project/code/df/dataset/ClosedWorld/NoDef/
X_train (10434, 43378)
y_train (10434, 1)
X_valid (2236, 43378)
y_valid (2236, 1)
